-------------------------------------------------------------------------------
Test set: com.franquias.ControllerTest.LoginControllerTest
-------------------------------------------------------------------------------
Tests run: 2, Failures: 1, Errors: 0, Skipped: 0, Time elapsed: 0.103 s <<< FAILURE! - in com.franquias.ControllerTest.LoginControllerTest
testaEmailNaoExistente  Time elapsed: 0.084 s  <<< FAILURE!
java.lang.AssertionError
	at com.franquias.ControllerTest.LoginControllerTest.testaEmailNaoExistente(LoginControllerTest.java:41)

