<?xml version="1.0" encoding="UTF-8"?>
<testsuite xmlns:xsi="http://www.w3.org/2001/XMLSchema-instance" xsi:noNamespaceSchemaLocation="https://maven.apache.org/surefire/maven-surefire-plugin/xsd/surefire-test-report.xsd" name="com.franquias.Validadores.ValidadorTextoTest" time="0.003" tests="5" errors="0" skipped="0" failures="0">
  <properties>
[...]
</properties>
  <testcase name="retornaTrueParaTextoNaoVazio" classname="com.franquias.Validadores.ValidadorTextoTest" time="0"/>
  <testcase name="retornaFalseParaTextoVazio" classname="com.franquias.Validadores.ValidadorTextoTest" time="0"/>
  <testcase name="retornFalseParaTextoMenorQueLimite" classname="com.franquias.Validadores.ValidadorTextoTest" time="0"/>
  <testcase name="retornTrueParaTextoMaiorQueLimite" classname="com.franquias.Validadores.ValidadorTextoTest" time="0.002"/>
  <testcase name="retornTrueParaTextoIgualLimite" classname="com.franquias.Validadores.ValidadorTextoTest" time="0"/>
</testsuite>